{"C:\\Users\\vikra\\Desktop\\forumhub-api\\src\\config\\logger.ts": {"path":"C:\\Users\\vikra\\Desktop\\forumhub-api\\src\\config\\logger.ts","statementMap":{"0":{"start":{"line":1,"column":0},"end":{"line":1,"column":30}},"1":{"start":{"line":3,"column":13},"end":{"line":16,"column":3}},"2":{"start":{"line":8,"column":6},"end":{"line":8,"column":65}}},"fnMap":{"0":{"name":"(anonymous_1)","decl":{"start":{"line":7,"column":26},"end":{"line":7,"column":27}},"loc":{"start":{"line":7,"column":60},"end":{"line":9,"column":5}}}},"branchMap":{},"s":{"0":2,"1":2,"2":1},"f":{"0":1},"b":{}}
,"C:\\Users\\vikra\\Desktop\\forumhub-api\\src\\infrastructure\\models\\post.model.ts": {"path":"C:\\Users\\vikra\\Desktop\\forumhub-api\\src\\infrastructure\\models\\post.model.ts","statementMap":{"0":{"start":{"line":1,"column":0},"end":{"line":1,"column":54}},"1":{"start":{"line":16,"column":19},"end":{"line":53,"column":2}},"2":{"start":{"line":57,"column":13},"end":{"line":57,"column":62}}},"fnMap":{},"branchMap":{},"s":{"0":1,"1":1,"2":1},"f":{},"b":{}}
,"C:\\Users\\vikra\\Desktop\\forumhub-api\\src\\infrastructure\\models\\user.model.ts": {"path":"C:\\Users\\vikra\\Desktop\\forumhub-api\\src\\infrastructure\\models\\user.model.ts","statementMap":{"0":{"start":{"line":1,"column":0},"end":{"line":1,"column":54}},"1":{"start":{"line":10,"column":19},"end":{"line":31,"column":null}},"2":{"start":{"line":34,"column":13},"end":{"line":34,"column":62}}},"fnMap":{},"branchMap":{},"s":{"0":1,"1":1,"2":1},"f":{},"b":{}}
,"C:\\Users\\vikra\\Desktop\\forumhub-api\\src\\presentation\\controllers\\auth.controller.ts": {"path":"C:\\Users\\vikra\\Desktop\\forumhub-api\\src\\presentation\\controllers\\auth.controller.ts","statementMap":{"0":{"start":{"line":2,"column":0},"end":{"line":2,"column":30}},"1":{"start":{"line":3,"column":0},"end":{"line":3,"column":31}},"2":{"start":{"line":4,"column":0},"end":{"line":4,"column":62}},"3":{"start":{"line":5,"column":0},"end":{"line":5,"column":45}},"4":{"start":{"line":8,"column":24},"end":{"line":29,"column":2}},"5":{"start":{"line":8,"column":62},"end":{"line":29,"column":2}},"6":{"start":{"line":9,"column":2},"end":{"line":28,"column":3}},"7":{"start":{"line":10,"column":42},"end":{"line":10,"column":50}},"8":{"start":{"line":12,"column":25},"end":{"line":12,"column":54}},"9":{"start":{"line":13,"column":4},"end":{"line":15,"column":5}},"10":{"start":{"line":14,"column":6},"end":{"line":14,"column":70}},"11":{"start":{"line":17,"column":27},"end":{"line":17,"column":58}},"12":{"start":{"line":19,"column":17},"end":{"line":23,"column":6}},"13":{"start":{"line":25,"column":4},"end":{"line":25,"column":31}},"14":{"start":{"line":27,"column":4},"end":{"line":27,"column":54}},"15":{"start":{"line":8,"column":13},"end":{"line":8,"column":24}},"16":{"start":{"line":32,"column":21},"end":{"line":57,"column":2}},"17":{"start":{"line":32,"column":59},"end":{"line":57,"column":2}},"18":{"start":{"line":33,"column":2},"end":{"line":56,"column":3}},"19":{"start":{"line":34,"column":32},"end":{"line":34,"column":40}},"20":{"start":{"line":36,"column":17},"end":{"line":36,"column":46}},"21":{"start":{"line":37,"column":4},"end":{"line":39,"column":5}},"22":{"start":{"line":38,"column":6},"end":{"line":38,"column":70}},"23":{"start":{"line":41,"column":20},"end":{"line":41,"column":65}},"24":{"start":{"line":42,"column":4},"end":{"line":44,"column":5}},"25":{"start":{"line":43,"column":6},"end":{"line":43,"column":70}},"26":{"start":{"line":46,"column":18},"end":{"line":49,"column":null}},"27":{"start":{"line":52,"column":4},"end":{"line":52,"column":24}},"28":{"start":{"line":54,"column":6},"end":{"line":54,"column":26}},"29":{"start":{"line":55,"column":4},"end":{"line":55,"column":54}},"30":{"start":{"line":32,"column":13},"end":{"line":32,"column":21}}},"fnMap":{"0":{"name":"(anonymous_8)","decl":{"start":{"line":8,"column":24},"end":{"line":8,"column":31}},"loc":{"start":{"line":8,"column":62},"end":{"line":29,"column":2}}},"1":{"name":"(anonymous_9)","decl":{"start":{"line":8,"column":62},"end":{"line":8,"column":null}},"loc":{"start":{"line":8,"column":62},"end":{"line":29,"column":1}}},"2":{"name":"(anonymous_10)","decl":{"start":{"line":32,"column":21},"end":{"line":32,"column":28}},"loc":{"start":{"line":32,"column":59},"end":{"line":57,"column":2}}},"3":{"name":"(anonymous_11)","decl":{"start":{"line":32,"column":59},"end":{"line":32,"column":null}},"loc":{"start":{"line":32,"column":59},"end":{"line":57,"column":1}}}},"branchMap":{"0":{"loc":{"start":{"line":13,"column":4},"end":{"line":15,"column":5}},"type":"if","locations":[{"start":{"line":13,"column":4},"end":{"line":15,"column":5}},{"start":{},"end":{}}]},"1":{"loc":{"start":{"line":37,"column":4},"end":{"line":39,"column":5}},"type":"if","locations":[{"start":{"line":37,"column":4},"end":{"line":39,"column":5}},{"start":{},"end":{}}]},"2":{"loc":{"start":{"line":42,"column":4},"end":{"line":44,"column":5}},"type":"if","locations":[{"start":{"line":42,"column":4},"end":{"line":44,"column":5}},{"start":{},"end":{}}]}},"s":{"0":1,"1":1,"2":1,"3":1,"4":1,"5":3,"6":3,"7":3,"8":3,"9":2,"10":1,"11":1,"12":1,"13":1,"14":1,"15":1,"16":1,"17":4,"18":4,"19":4,"20":4,"21":3,"22":1,"23":2,"24":2,"25":1,"26":1,"27":1,"28":1,"29":1,"30":1},"f":{"0":3,"1":3,"2":4,"3":4},"b":{"0":[1,1],"1":[1,2],"2":[1,1]}}
,"C:\\Users\\vikra\\Desktop\\forumhub-api\\src\\presentation\\controllers\\post.controller.ts": {"path":"C:\\Users\\vikra\\Desktop\\forumhub-api\\src\\presentation\\controllers\\post.controller.ts","statementMap":{"0":{"start":{"line":2,"column":0},"end":{"line":2,"column":62}},"1":{"start":{"line":3,"column":0},"end":{"line":3,"column":45}},"2":{"start":{"line":6,"column":26},"end":{"line":20,"column":2}},"3":{"start":{"line":6,"column":60},"end":{"line":20,"column":2}},"4":{"start":{"line":7,"column":2},"end":{"line":19,"column":3}},"5":{"start":{"line":8,"column":31},"end":{"line":8,"column":39}},"6":{"start":{"line":10,"column":17},"end":{"line":14,"column":6}},"7":{"start":{"line":16,"column":4},"end":{"line":16,"column":31}},"8":{"start":{"line":18,"column":4},"end":{"line":18,"column":54}},"9":{"start":{"line":6,"column":13},"end":{"line":6,"column":26}},"10":{"start":{"line":23,"column":24},"end":{"line":31,"column":2}},"11":{"start":{"line":23,"column":62},"end":{"line":31,"column":2}},"12":{"start":{"line":24,"column":2},"end":{"line":30,"column":3}},"13":{"start":{"line":25,"column":18},"end":{"line":25,"column":70}},"14":{"start":{"line":27,"column":4},"end":{"line":27,"column":20}},"15":{"start":{"line":29,"column":4},"end":{"line":29,"column":54}},"16":{"start":{"line":23,"column":13},"end":{"line":23,"column":24}},"17":{"start":{"line":34,"column":26},"end":{"line":59,"column":2}},"18":{"start":{"line":34,"column":60},"end":{"line":59,"column":2}},"19":{"start":{"line":35,"column":2},"end":{"line":58,"column":3}},"20":{"start":{"line":36,"column":17},"end":{"line":36,"column":51}},"21":{"start":{"line":38,"column":4},"end":{"line":40,"column":5}},"22":{"start":{"line":39,"column":6},"end":{"line":39,"column":65}},"23":{"start":{"line":43,"column":4},"end":{"line":48,"column":5}},"24":{"start":{"line":47,"column":6},"end":{"line":47,"column":64}},"25":{"start":{"line":50,"column":4},"end":{"line":50,"column":46}},"26":{"start":{"line":51,"column":4},"end":{"line":51,"column":52}},"27":{"start":{"line":53,"column":24},"end":{"line":53,"column":41}},"28":{"start":{"line":55,"column":4},"end":{"line":55,"column":26}},"29":{"start":{"line":57,"column":4},"end":{"line":57,"column":54}},"30":{"start":{"line":34,"column":13},"end":{"line":34,"column":26}},"31":{"start":{"line":62,"column":26},"end":{"line":84,"column":2}},"32":{"start":{"line":62,"column":60},"end":{"line":84,"column":2}},"33":{"start":{"line":63,"column":2},"end":{"line":83,"column":3}},"34":{"start":{"line":64,"column":17},"end":{"line":64,"column":51}},"35":{"start":{"line":66,"column":4},"end":{"line":68,"column":5}},"36":{"start":{"line":67,"column":6},"end":{"line":67,"column":65}},"37":{"start":{"line":71,"column":4},"end":{"line":76,"column":5}},"38":{"start":{"line":75,"column":6},"end":{"line":75,"column":64}},"39":{"start":{"line":78,"column":4},"end":{"line":78,"column":27}},"40":{"start":{"line":80,"column":4},"end":{"line":80,"column":55}},"41":{"start":{"line":82,"column":4},"end":{"line":82,"column":54}},"42":{"start":{"line":62,"column":13},"end":{"line":62,"column":26}},"43":{"start":{"line":87,"column":24},"end":{"line":116,"column":2}},"44":{"start":{"line":87,"column":58},"end":{"line":116,"column":2}},"45":{"start":{"line":88,"column":2},"end":{"line":115,"column":3}},"46":{"start":{"line":89,"column":17},"end":{"line":89,"column":51}},"47":{"start":{"line":91,"column":4},"end":{"line":93,"column":5}},"48":{"start":{"line":92,"column":6},"end":{"line":92,"column":65}},"49":{"start":{"line":95,"column":19},"end":{"line":95,"column":30}},"50":{"start":{"line":98,"column":25},"end":{"line":98,"column":52}},"51":{"start":{"line":100,"column":4},"end":{"line":108,"column":5}},"52":{"start":{"line":102,"column":6},"end":{"line":104,"column":8}},"53":{"start":{"line":103,"column":16},"end":{"line":103,"column":40}},"54":{"start":{"line":107,"column":6},"end":{"line":107,"column":30}},"55":{"start":{"line":110,"column":4},"end":{"line":110,"column":22}},"56":{"start":{"line":112,"column":4},"end":{"line":112,"column":19}},"57":{"start":{"line":114,"column":4},"end":{"line":114,"column":54}},"58":{"start":{"line":87,"column":13},"end":{"line":87,"column":24}},"59":{"start":{"line":119,"column":26},"end":{"line":140,"column":2}},"60":{"start":{"line":119,"column":60},"end":{"line":140,"column":2}},"61":{"start":{"line":120,"column":2},"end":{"line":139,"column":3}},"62":{"start":{"line":121,"column":17},"end":{"line":121,"column":51}},"63":{"start":{"line":123,"column":4},"end":{"line":125,"column":5}},"64":{"start":{"line":124,"column":6},"end":{"line":124,"column":65}},"65":{"start":{"line":127,"column":23},"end":{"line":130,"column":6}},"66":{"start":{"line":132,"column":4},"end":{"line":132,"column":35}},"67":{"start":{"line":134,"column":4},"end":{"line":134,"column":22}},"68":{"start":{"line":136,"column":4},"end":{"line":136,"column":19}},"69":{"start":{"line":138,"column":4},"end":{"line":138,"column":54}},"70":{"start":{"line":119,"column":13},"end":{"line":119,"column":26}},"71":{"start":{"line":143,"column":29},"end":{"line":178,"column":2}},"72":{"start":{"line":143,"column":63},"end":{"line":178,"column":2}},"73":{"start":{"line":144,"column":2},"end":{"line":177,"column":3}},"74":{"start":{"line":145,"column":17},"end":{"line":145,"column":55}},"75":{"start":{"line":147,"column":4},"end":{"line":149,"column":5}},"76":{"start":{"line":148,"column":6},"end":{"line":148,"column":65}},"77":{"start":{"line":151,"column":16},"end":{"line":152,"column":null}},"78":{"start":{"line":152,"column":14},"end":{"line":152,"column":55}},"79":{"start":{"line":155,"column":4},"end":{"line":157,"column":5}},"80":{"start":{"line":156,"column":6},"end":{"line":156,"column":68}},"81":{"start":{"line":160,"column":4},"end":{"line":165,"column":5}},"82":{"start":{"line":164,"column":6},"end":{"line":164,"column":64}},"83":{"start":{"line":167,"column":0},"end":{"line":169,"column":2}},"84":{"start":{"line":168,"column":14},"end":{"line":168,"column":55}},"85":{"start":{"line":171,"column":4},"end":{"line":171,"column":22}},"86":{"start":{"line":173,"column":4},"end":{"line":173,"column":45}},"87":{"start":{"line":175,"column":6},"end":{"line":175,"column":26}},"88":{"start":{"line":176,"column":4},"end":{"line":176,"column":54}},"89":{"start":{"line":143,"column":13},"end":{"line":143,"column":29}}},"fnMap":{"0":{"name":"(anonymous_7)","decl":{"start":{"line":6,"column":26},"end":{"line":6,"column":33}},"loc":{"start":{"line":6,"column":60},"end":{"line":20,"column":2}}},"1":{"name":"(anonymous_8)","decl":{"start":{"line":6,"column":60},"end":{"line":6,"column":null}},"loc":{"start":{"line":6,"column":60},"end":{"line":20,"column":1}}},"2":{"name":"(anonymous_9)","decl":{"start":{"line":23,"column":24},"end":{"line":23,"column":31}},"loc":{"start":{"line":23,"column":62},"end":{"line":31,"column":2}}},"3":{"name":"(anonymous_10)","decl":{"start":{"line":23,"column":62},"end":{"line":23,"column":null}},"loc":{"start":{"line":23,"column":62},"end":{"line":31,"column":1}}},"4":{"name":"(anonymous_11)","decl":{"start":{"line":34,"column":26},"end":{"line":34,"column":33}},"loc":{"start":{"line":34,"column":60},"end":{"line":59,"column":2}}},"5":{"name":"(anonymous_12)","decl":{"start":{"line":34,"column":60},"end":{"line":34,"column":null}},"loc":{"start":{"line":34,"column":60},"end":{"line":59,"column":1}}},"6":{"name":"(anonymous_13)","decl":{"start":{"line":62,"column":26},"end":{"line":62,"column":33}},"loc":{"start":{"line":62,"column":60},"end":{"line":84,"column":2}}},"7":{"name":"(anonymous_14)","decl":{"start":{"line":62,"column":60},"end":{"line":62,"column":null}},"loc":{"start":{"line":62,"column":60},"end":{"line":84,"column":1}}},"8":{"name":"(anonymous_15)","decl":{"start":{"line":87,"column":24},"end":{"line":87,"column":31}},"loc":{"start":{"line":87,"column":58},"end":{"line":116,"column":2}}},"9":{"name":"(anonymous_16)","decl":{"start":{"line":87,"column":58},"end":{"line":87,"column":null}},"loc":{"start":{"line":87,"column":58},"end":{"line":116,"column":1}}},"10":{"name":"(anonymous_17)","decl":{"start":{"line":103,"column":8},"end":{"line":103,"column":9}},"loc":{"start":{"line":103,"column":16},"end":{"line":103,"column":40}}},"11":{"name":"(anonymous_18)","decl":{"start":{"line":119,"column":26},"end":{"line":119,"column":33}},"loc":{"start":{"line":119,"column":60},"end":{"line":140,"column":2}}},"12":{"name":"(anonymous_19)","decl":{"start":{"line":119,"column":60},"end":{"line":119,"column":null}},"loc":{"start":{"line":119,"column":60},"end":{"line":140,"column":1}}},"13":{"name":"(anonymous_20)","decl":{"start":{"line":143,"column":29},"end":{"line":143,"column":36}},"loc":{"start":{"line":143,"column":63},"end":{"line":178,"column":2}}},"14":{"name":"(anonymous_21)","decl":{"start":{"line":143,"column":63},"end":{"line":143,"column":null}},"loc":{"start":{"line":143,"column":63},"end":{"line":178,"column":1}}},"15":{"name":"(anonymous_22)","decl":{"start":{"line":152,"column":2},"end":{"line":152,"column":3}},"loc":{"start":{"line":152,"column":14},"end":{"line":152,"column":55}}},"16":{"name":"(anonymous_23)","decl":{"start":{"line":168,"column":2},"end":{"line":168,"column":3}},"loc":{"start":{"line":168,"column":14},"end":{"line":168,"column":55}}}},"branchMap":{"0":{"loc":{"start":{"line":38,"column":4},"end":{"line":40,"column":5}},"type":"if","locations":[{"start":{"line":38,"column":4},"end":{"line":40,"column":5}},{"start":{},"end":{}}]},"1":{"loc":{"start":{"line":43,"column":4},"end":{"line":48,"column":5}},"type":"if","locations":[{"start":{"line":43,"column":4},"end":{"line":48,"column":5}},{"start":{},"end":{}}]},"2":{"loc":{"start":{"line":44,"column":6},"end":{"line":45,"column":35}},"type":"binary-expr","locations":[{"start":{"line":44,"column":6},"end":{"line":44,"column":42}},{"start":{"line":45,"column":6},"end":{"line":45,"column":35}}]},"3":{"loc":{"start":{"line":50,"column":17},"end":{"line":50,"column":45}},"type":"binary-expr","locations":[{"start":{"line":50,"column":17},"end":{"line":50,"column":31}},{"start":{"line":50,"column":35},"end":{"line":50,"column":45}}]},"4":{"loc":{"start":{"line":51,"column":19},"end":{"line":51,"column":51}},"type":"binary-expr","locations":[{"start":{"line":51,"column":19},"end":{"line":51,"column":35}},{"start":{"line":51,"column":39},"end":{"line":51,"column":51}}]},"5":{"loc":{"start":{"line":66,"column":4},"end":{"line":68,"column":5}},"type":"if","locations":[{"start":{"line":66,"column":4},"end":{"line":68,"column":5}},{"start":{},"end":{}}]},"6":{"loc":{"start":{"line":71,"column":4},"end":{"line":76,"column":5}},"type":"if","locations":[{"start":{"line":71,"column":4},"end":{"line":76,"column":5}},{"start":{},"end":{}}]},"7":{"loc":{"start":{"line":72,"column":6},"end":{"line":73,"column":35}},"type":"binary-expr","locations":[{"start":{"line":72,"column":6},"end":{"line":72,"column":42}},{"start":{"line":73,"column":6},"end":{"line":73,"column":35}}]},"8":{"loc":{"start":{"line":91,"column":4},"end":{"line":93,"column":5}},"type":"if","locations":[{"start":{"line":91,"column":4},"end":{"line":93,"column":5}},{"start":{},"end":{}}]},"9":{"loc":{"start":{"line":100,"column":4},"end":{"line":108,"column":5}},"type":"if","locations":[{"start":{"line":100,"column":4},"end":{"line":108,"column":5}},{"start":{"line":105,"column":11},"end":{"line":108,"column":5}}]},"10":{"loc":{"start":{"line":123,"column":4},"end":{"line":125,"column":5}},"type":"if","locations":[{"start":{"line":123,"column":4},"end":{"line":125,"column":5}},{"start":{},"end":{}}]},"11":{"loc":{"start":{"line":147,"column":4},"end":{"line":149,"column":5}},"type":"if","locations":[{"start":{"line":147,"column":4},"end":{"line":149,"column":5}},{"start":{},"end":{}}]},"12":{"loc":{"start":{"line":155,"column":4},"end":{"line":157,"column":5}},"type":"if","locations":[{"start":{"line":155,"column":4},"end":{"line":157,"column":5}},{"start":{},"end":{}}]},"13":{"loc":{"start":{"line":160,"column":4},"end":{"line":165,"column":5}},"type":"if","locations":[{"start":{"line":160,"column":4},"end":{"line":165,"column":5}},{"start":{},"end":{}}]},"14":{"loc":{"start":{"line":161,"column":6},"end":{"line":162,"column":35}},"type":"binary-expr","locations":[{"start":{"line":161,"column":6},"end":{"line":161,"column":45}},{"start":{"line":162,"column":6},"end":{"line":162,"column":35}}]}},"s":{"0":1,"1":1,"2":1,"3":2,"4":2,"5":2,"6":2,"7":1,"8":1,"9":1,"10":1,"11":2,"12":2,"13":2,"14":1,"15":1,"16":1,"17":1,"18":3,"19":3,"20":3,"21":3,"22":1,"23":2,"24":1,"25":1,"26":1,"27":1,"28":1,"29":0,"30":1,"31":1,"32":2,"33":2,"34":2,"35":2,"36":1,"37":1,"38":0,"39":1,"40":1,"41":0,"42":1,"43":1,"44":3,"45":3,"46":3,"47":3,"48":1,"49":2,"50":2,"51":2,"52":1,"53":1,"54":1,"55":2,"56":2,"57":0,"58":1,"59":1,"60":2,"61":2,"62":2,"63":2,"64":1,"65":1,"66":1,"67":1,"68":1,"69":0,"70":1,"71":1,"72":3,"73":3,"74":3,"75":3,"76":0,"77":3,"78":2,"79":3,"80":1,"81":2,"82":1,"83":1,"84":1,"85":1,"86":1,"87":0,"88":0,"89":1},"f":{"0":2,"1":2,"2":2,"3":2,"4":3,"5":3,"6":2,"7":2,"8":3,"9":3,"10":1,"11":2,"12":2,"13":3,"14":3,"15":2,"16":1},"b":{"0":[1,2],"1":[1,1],"2":[2,1],"3":[1,0],"4":[1,1],"5":[1,1],"6":[0,1],"7":[1,0],"8":[1,2],"9":[1,1],"10":[1,1],"11":[0,3],"12":[1,2],"13":[1,1],"14":[2,1]}}
}
