TN:
SF:src\config\logger.ts
FN:7,(anonymous_1)
FNF:1
FNH:1
FNDA:1,(anonymous_1)
DA:1,2
DA:3,2
DA:8,1
LF:3
LH:3
BRF:0
BRH:0
end_of_record
TN:
SF:src\infrastructure\models\post.model.ts
FNF:0
FNH:0
DA:1,1
DA:16,1
DA:57,1
LF:3
LH:3
BRF:0
BRH:0
end_of_record
TN:
SF:src\infrastructure\models\user.model.ts
FNF:0
FNH:0
DA:1,1
DA:10,1
DA:34,1
LF:3
LH:3
BRF:0
BRH:0
end_of_record
TN:
SF:src\presentation\controllers\auth.controller.ts
FN:8,(anonymous_8)
FN:8,(anonymous_9)
FN:32,(anonymous_10)
FN:32,(anonymous_11)
FNF:4
FNH:4
FNDA:3,(anonymous_8)
FNDA:3,(anonymous_9)
FNDA:4,(anonymous_10)
FNDA:4,(anonymous_11)
DA:2,1
DA:3,1
DA:4,1
DA:5,1
DA:8,3
DA:9,3
DA:10,3
DA:12,3
DA:13,2
DA:14,1
DA:17,1
DA:19,1
DA:25,1
DA:27,1
DA:32,4
DA:33,4
DA:34,4
DA:36,4
DA:37,3
DA:38,1
DA:41,2
DA:42,2
DA:43,1
DA:46,1
DA:52,1
DA:54,1
DA:55,1
LF:27
LH:27
BRDA:13,0,0,1
BRDA:13,0,1,1
BRDA:37,1,0,1
BRDA:37,1,1,2
BRDA:42,2,0,1
BRDA:42,2,1,1
BRF:6
BRH:6
end_of_record
TN:
SF:src\presentation\controllers\post.controller.ts
FN:6,(anonymous_7)
FN:6,(anonymous_8)
FN:23,(anonymous_9)
FN:23,(anonymous_10)
FN:34,(anonymous_11)
FN:34,(anonymous_12)
FN:62,(anonymous_13)
FN:62,(anonymous_14)
FN:87,(anonymous_15)
FN:87,(anonymous_16)
FN:103,(anonymous_17)
FN:119,(anonymous_18)
FN:119,(anonymous_19)
FN:143,(anonymous_20)
FN:143,(anonymous_21)
FN:152,(anonymous_22)
FN:168,(anonymous_23)
FNF:17
FNH:17
FNDA:2,(anonymous_7)
FNDA:2,(anonymous_8)
FNDA:2,(anonymous_9)
FNDA:2,(anonymous_10)
FNDA:3,(anonymous_11)
FNDA:3,(anonymous_12)
FNDA:2,(anonymous_13)
FNDA:2,(anonymous_14)
FNDA:3,(anonymous_15)
FNDA:3,(anonymous_16)
FNDA:1,(anonymous_17)
FNDA:2,(anonymous_18)
FNDA:2,(anonymous_19)
FNDA:3,(anonymous_20)
FNDA:3,(anonymous_21)
FNDA:2,(anonymous_22)
FNDA:1,(anonymous_23)
DA:2,1
DA:3,1
DA:6,2
DA:7,2
DA:8,2
DA:10,2
DA:16,1
DA:18,1
DA:23,2
DA:24,2
DA:25,2
DA:27,1
DA:29,1
DA:34,3
DA:35,3
DA:36,3
DA:38,3
DA:39,1
DA:43,2
DA:47,1
DA:50,1
DA:51,1
DA:53,1
DA:55,1
DA:57,0
DA:62,2
DA:63,2
DA:64,2
DA:66,2
DA:67,1
DA:71,1
DA:75,0
DA:78,1
DA:80,1
DA:82,0
DA:87,3
DA:88,3
DA:89,3
DA:91,3
DA:92,1
DA:95,2
DA:98,2
DA:100,2
DA:102,1
DA:103,1
DA:107,1
DA:110,2
DA:112,2
DA:114,0
DA:119,2
DA:120,2
DA:121,2
DA:123,2
DA:124,1
DA:127,1
DA:132,1
DA:134,1
DA:136,1
DA:138,0
DA:143,3
DA:144,3
DA:145,3
DA:147,3
DA:148,0
DA:151,3
DA:152,2
DA:155,3
DA:156,1
DA:160,2
DA:164,1
DA:167,1
DA:168,1
DA:171,1
DA:173,1
DA:175,0
DA:176,0
LF:76
LH:68
BRDA:38,0,0,1
BRDA:38,0,1,2
BRDA:43,1,0,1
BRDA:43,1,1,1
BRDA:44,2,0,2
BRDA:44,2,1,1
BRDA:50,3,0,1
BRDA:50,3,1,0
BRDA:51,4,0,1
BRDA:51,4,1,1
BRDA:66,5,0,1
BRDA:66,5,1,1
BRDA:71,6,0,0
BRDA:71,6,1,1
BRDA:72,7,0,1
BRDA:72,7,1,0
BRDA:91,8,0,1
BRDA:91,8,1,2
BRDA:100,9,0,1
BRDA:100,9,1,1
BRDA:123,10,0,1
BRDA:123,10,1,1
BRDA:147,11,0,0
BRDA:147,11,1,3
BRDA:155,12,0,1
BRDA:155,12,1,2
BRDA:160,13,0,1
BRDA:160,13,1,1
BRDA:161,14,0,2
BRDA:161,14,1,1
BRF:30
BRH:26
end_of_record
